<?xml version="1.0" encoding="UTF-8"?>
<testng-results skipped="0" failed="1" ignored="0" total="3" passed="2">
  <reporter-output>
  </reporter-output>
  <suite name="Suite" duration-ms="94126" started-at="2020-05-18T09:06:35 IST" finished-at="2020-05-18T09:08:09 IST">
    <groups>
    </groups>
    <test name="MMT-FLight-Booking" duration-ms="94126" started-at="2020-05-18T09:06:35 IST" finished-at="2020-05-18T09:08:09 IST">
      <class name="testcases.MMT_Automation">
        <test-method status="PASS" signature="initialize()[pri:0, instance:testcases.MMT_Automation@32502377]" name="initialize" is-config="true" duration-ms="11574" started-at="2020-05-18T09:06:35 IST" finished-at="2020-05-18T09:06:47 IST">
          <reporter-output>
          </reporter-output>
        </test-method> <!-- initialize -->
        <test-method status="PASS" signature="bookflight()[pri:1, instance:testcases.MMT_Automation@32502377]" name="bookflight" duration-ms="82470" started-at="2020-05-18T09:06:47 IST" finished-at="2020-05-18T09:08:09 IST">
          <reporter-output>
          </reporter-output>
        </test-method> <!-- bookflight -->
        <test-method status="FAIL" signature="afterTest()[pri:2, instance:testcases.MMT_Automation@32502377]" name="afterTest" duration-ms="11" started-at="2020-05-18T09:08:09 IST" finished-at="2020-05-18T09:08:09 IST">
          <exception class="java.lang.AssertionError">
            <message>
              <![CDATA[did not expect to find [true] but found [false]]]>
            </message>
            <full-stacktrace>
              <![CDATA[java.lang.AssertionError: did not expect to find [true] but found [false]
at org.testng.Assert.fail(Assert.java:97)
at org.testng.Assert.failNotEquals(Assert.java:969)
at org.testng.Assert.assertTrue(Assert.java:43)
at org.testng.Assert.assertTrue(Assert.java:53)
at testcases.MMT_Automation.afterTest(MMT_Automation.java:100)
at sun.reflect.NativeMethodAccessorImpl.invoke0(Native Method)
at sun.reflect.NativeMethodAccessorImpl.invoke(Unknown Source)
at sun.reflect.DelegatingMethodAccessorImpl.invoke(Unknown Source)
at java.lang.reflect.Method.invoke(Unknown Source)
at org.testng.internal.MethodInvocationHelper.invokeMethod(MethodInvocationHelper.java:133)
at org.testng.internal.TestInvoker.invokeMethod(TestInvoker.java:584)
at org.testng.internal.TestInvoker.invokeTestMethod(TestInvoker.java:172)
at org.testng.internal.MethodRunner.runInSequence(MethodRunner.java:46)
at org.testng.internal.TestInvoker$MethodInvocationAgent.invoke(TestInvoker.java:804)
at org.testng.internal.TestInvoker.invokeTestMethods(TestInvoker.java:145)
at org.testng.internal.TestMethodWorker.invokeTestMethods(TestMethodWorker.java:146)
at org.testng.internal.TestMethodWorker.run(TestMethodWorker.java:128)
at java.util.ArrayList.forEach(Unknown Source)
at org.testng.TestRunner.privateRun(TestRunner.java:770)
at org.testng.TestRunner.run(TestRunner.java:591)
at org.testng.SuiteRunner.runTest(SuiteRunner.java:402)
at org.testng.SuiteRunner.runSequentially(SuiteRunner.java:396)
at org.testng.SuiteRunner.privateRun(SuiteRunner.java:355)
at org.testng.SuiteRunner.run(SuiteRunner.java:304)
at org.testng.SuiteRunnerWorker.runSuite(SuiteRunnerWorker.java:53)
at org.testng.SuiteRunnerWorker.run(SuiteRunnerWorker.java:96)
at org.testng.TestNG.runSuitesSequentially(TestNG.java:1180)
at org.testng.TestNG.runSuitesLocally(TestNG.java:1102)
at org.testng.TestNG.runSuites(TestNG.java:1032)
at org.testng.TestNG.run(TestNG.java:1000)
at org.testng.remote.AbstractRemoteTestNG.run(AbstractRemoteTestNG.java:115)
at org.testng.remote.RemoteTestNG.initAndRun(RemoteTestNG.java:251)
at org.testng.remote.RemoteTestNG.main(RemoteTestNG.java:77)
]]>
            </full-stacktrace>
          </exception> <!-- java.lang.AssertionError -->
          <reporter-output>
          </reporter-output>
        </test-method> <!-- afterTest -->
        <test-method status="PASS" signature="finalTest()[pri:3, instance:testcases.MMT_Automation@32502377]" name="finalTest" duration-ms="3" started-at="2020-05-18T09:08:09 IST" finished-at="2020-05-18T09:08:09 IST">
          <reporter-output>
          </reporter-output>
        </test-method> <!-- finalTest -->
      </class> <!-- testcases.MMT_Automation -->
    </test> <!-- MMT-FLight-Booking -->
  </suite> <!-- Suite -->
</testng-results>
